2023-01-13 12:19:21.573 +01:00 [Information] [HotelsApp.Application.Requests.Handlers.HotelCreateCommandHandler] Start creating new hotel and add in hotel list
2023-01-13 12:19:21.620 +01:00 [Information] [HotelsApp.Infrastructure.Repositories.HotelRepository] Set id for new hotel
2023-01-13 12:19:21.622 +01:00 [Information] [HotelsApp.Infrastructure.Repositories.HotelRepository] New hotel with id 2 is added to list
2023-01-13 12:19:21.623 +01:00 [Information] [HotelsApp.Application.Requests.Handlers.HotelCreateCommandHandler] New hotel is created and added to list
2023-01-13 12:24:14.984 +01:00 [Information] [HotelsApp.Application.Requests.Handlers.HotelCreateCommandHandler] Start creating new hotel and add in hotel list
2023-01-13 12:24:15.030 +01:00 [Information] [HotelsApp.Infrastructure.Repositories.HotelRepository] Set id for new hotel
2023-01-13 12:24:15.033 +01:00 [Information] [HotelsApp.Infrastructure.Repositories.HotelRepository] New hotel with id 2 is added to list
2023-01-13 12:24:15.034 +01:00 [Information] [HotelsApp.Application.Requests.Handlers.HotelCreateCommandHandler] New hotel is created and added to list
2023-01-13 12:29:37.160 +01:00 [Information] [HotelsApp.Application.Requests.Handlers.HotelCreateCommandHandler] Start creating new hotel and add in hotel list
2023-01-13 12:29:37.203 +01:00 [Information] [HotelsApp.Infrastructure.Repositories.HotelRepository] Set id for new hotel
2023-01-13 12:29:37.205 +01:00 [Information] [HotelsApp.Infrastructure.Repositories.HotelRepository] New hotel with id 2 is added to list
2023-01-13 12:29:37.207 +01:00 [Information] [HotelsApp.Application.Requests.Handlers.HotelCreateCommandHandler] New hotel is created and added to list
2023-01-13 12:45:54.191 +01:00 [Information] [HotelsApp.Application.Requests.Handlers.HotelCreateCommandHandler] Start creating new hotel and add in hotel list
2023-01-13 12:45:54.232 +01:00 [Information] [HotelsApp.Infrastructure.Repositories.HotelRepository] Set id for new hotel
2023-01-13 12:45:54.235 +01:00 [Information] [HotelsApp.Infrastructure.Repositories.HotelRepository] New hotel with id 2 is added to list
2023-01-13 12:45:54.236 +01:00 [Information] [HotelsApp.Application.Requests.Handlers.HotelCreateCommandHandler] New hotel is created and added to list
2023-01-13 12:49:00.556 +01:00 [Information] [HotelsApp.Application.Requests.Handlers.GetAllHotelsSortedByCurrentLocationQueryHandler] Prepare list of all hotels
2023-01-13 12:49:00.629 +01:00 [Information] [HotelsApp.Infrastructure.Repositories.LocationHotelRepository] Current location is x: 0 and y: 0
2023-01-13 12:49:00.635 +01:00 [Error] [HotelsApp.Application.Requests.Handlers.GetAllHotelsSortedByCurrentLocationQueryHandler] List of hotels is empty.
2023-01-13 12:49:14.319 +01:00 [Information] [HotelsApp.Application.Requests.Handlers.GetAllHotelsSortedByCurrentLocationQueryHandler] Prepare list of all hotels
2023-01-13 12:49:14.321 +01:00 [Information] [HotelsApp.Infrastructure.Repositories.LocationHotelRepository] Current location is x: 0 and y: 0
2023-01-13 12:49:14.321 +01:00 [Error] [HotelsApp.Application.Requests.Handlers.GetAllHotelsSortedByCurrentLocationQueryHandler] List of hotels is empty.
2023-01-13 13:05:21.525 +01:00 [Information] [HotelsApp.Application.Requests.Handlers.GetAllHotelsSortedByCurrentLocationQueryHandler] Prepare list of all hotels
2023-01-13 13:05:21.614 +01:00 [Information] [HotelsApp.Infrastructure.Repositories.LocationHotelRepository] Current location is x: 0 and y: 0
2023-01-13 13:05:21.618 +01:00 [Error] [HotelsApp.Application.Requests.Handlers.GetAllHotelsSortedByCurrentLocationQueryHandler] List of hotels is empty.
2023-01-13 13:05:38.547 +01:00 [Information] [HotelsApp.Application.Requests.Handlers.GetAllHotelsSortedByCurrentLocationQueryHandler] Prepare list of all hotels
2023-01-13 13:05:38.550 +01:00 [Information] [HotelsApp.Infrastructure.Repositories.LocationHotelRepository] Current location is x: 0 and y: 0
2023-01-13 13:05:38.551 +01:00 [Error] [HotelsApp.Application.Requests.Handlers.GetAllHotelsSortedByCurrentLocationQueryHandler] List of hotels is empty.
2023-01-13 13:11:22.932 +01:00 [Information] [HotelsApp.Application.Requests.Handlers.GetAllHotelsSortedByCurrentLocationQueryHandler] Prepare list of all hotels
2023-01-13 13:11:22.997 +01:00 [Information] [HotelsApp.Infrastructure.Repositories.LocationHotelRepository] Current location is x: 0 and y: 0
2023-01-13 13:11:23.001 +01:00 [Error] [HotelsApp.Application.Requests.Handlers.GetAllHotelsSortedByCurrentLocationQueryHandler] List of hotels is empty.
