2023-01-15 10:22:12.892 +01:00 [Information] [HotelsApp.Application.Requests.Handlers.HotelCreateCommandHandler] Start creating new hotel and add in hotel list
2023-01-15 10:22:12.936 +01:00 [Information] [HotelsApp.Infrastructure.Repositories.HotelRepository] Set id for new hotel
2023-01-15 10:22:12.940 +01:00 [Information] [HotelsApp.Application.Requests.Handlers.HotelCreateCommandHandler] New hotel is created and added to list
2023-01-15 10:22:24.952 +01:00 [Information] [HotelsApp.Application.Requests.Handlers.HotelCreateCommandHandler] Start creating new hotel and add in hotel list
2023-01-15 10:22:24.955 +01:00 [Information] [HotelsApp.Infrastructure.Repositories.HotelRepository] Set id for new hotel
2023-01-15 10:22:24.957 +01:00 [Information] [HotelsApp.Application.Requests.Handlers.HotelCreateCommandHandler] New hotel is created and added to list
2023-01-15 10:22:34.826 +01:00 [Information] [HotelsApp.Application.Requests.Handlers.HotelCreateCommandHandler] Start creating new hotel and add in hotel list
2023-01-15 10:22:34.827 +01:00 [Information] [HotelsApp.Infrastructure.Repositories.HotelRepository] Set id for new hotel
2023-01-15 10:22:34.829 +01:00 [Information] [HotelsApp.Application.Requests.Handlers.HotelCreateCommandHandler] New hotel is created and added to list
2023-01-15 10:22:43.415 +01:00 [Information] [HotelsApp.Application.Requests.Handlers.HotelCreateCommandHandler] Start creating new hotel and add in hotel list
2023-01-15 10:22:43.416 +01:00 [Information] [HotelsApp.Infrastructure.Repositories.HotelRepository] Set id for new hotel
2023-01-15 10:22:43.418 +01:00 [Information] [HotelsApp.Application.Requests.Handlers.HotelCreateCommandHandler] New hotel is created and added to list
2023-01-15 10:22:47.365 +01:00 [Information] [HotelsApp.Application.Requests.Handlers.GetHotelsQueryHandler] Start getting list of all hotels
2023-01-15 10:22:47.368 +01:00 [Information] [HotelsApp.Application.Requests.Handlers.GetHotelsQueryHandler] List of all hotels has been provided
2023-01-15 10:22:56.118 +01:00 [Information] [HotelsApp.Application.Requests.Handlers.GetHotelQueryHanlder] Start searching for hotel with id 3
2023-01-15 10:22:56.121 +01:00 [Information] [HotelsApp.Application.Requests.Handlers.GetHotelQueryHanlder] Hotel with 3 is found
2023-01-15 10:23:21.018 +01:00 [Information] [HotelsApp.Application.Requests.Handlers.GetAllHotelsSortedByCurrentLocationQueryHandler] Prepare list of all hotels
2023-01-15 10:23:21.031 +01:00 [Information] [HotelsApp.Infrastructure.Repositories.LocationHotelRepository] Current location is x: 45.257907355517624 and y: 19.81236695106882
2023-01-15 10:23:21.033 +01:00 [Information] [HotelsApp.Infrastructure.Repositories.LocationHotelRepository] Location for hotel with id: 2 is x: 45.254374284753254 and y: 19.821862950036017
2023-01-15 10:23:21.034 +01:00 [Information] [HotelsApp.Infrastructure.Repositories.LocationHotelRepository] Distance between hotel with id 2 and current location is: 0.841454074611226km
2023-01-15 10:23:21.035 +01:00 [Information] [HotelsApp.Infrastructure.Repositories.LocationHotelRepository] Location for hotel with id: 3 is x: 45.2211327840916 and y: 19.848985445749207
2023-01-15 10:23:21.036 +01:00 [Information] [HotelsApp.Infrastructure.Repositories.LocationHotelRepository] Distance between hotel with id 3 and current location is: 4.998462349291955km
2023-01-15 10:23:21.037 +01:00 [Information] [HotelsApp.Infrastructure.Repositories.LocationHotelRepository] Location for hotel with id: 4 is x: 45.237212010810886 and y: 19.810189977197428
2023-01-15 10:23:21.038 +01:00 [Information] [HotelsApp.Infrastructure.Repositories.LocationHotelRepository] Distance between hotel with id 4 and current location is: 2.3095116321094995km
2023-01-15 10:23:21.039 +01:00 [Information] [HotelsApp.Infrastructure.Repositories.LocationHotelRepository] Location for hotel with id: 5 is x: 45.25689124664803 and y: 19.814676541895956
2023-01-15 10:23:21.040 +01:00 [Information] [HotelsApp.Infrastructure.Repositories.LocationHotelRepository] Distance between hotel with id 5 and current location is: 0.2133658733514701km
2023-01-15 10:23:21.043 +01:00 [Information] [HotelsApp.Application.Requests.Handlers.GetAllHotelsSortedByCurrentLocationQueryHandler] List of all hotels is prepared
2023-01-15 10:23:32.193 +01:00 [Information] [HotelsApp.Application.Requests.Handlers.GetAllHotelsSortedByCurrentLocationQueryHandler] Prepare list of all hotels
2023-01-15 10:23:32.194 +01:00 [Information] [HotelsApp.Infrastructure.Repositories.LocationHotelRepository] Current location is x: 45.257907355517624 and y: 19.81236695106882
2023-01-15 10:23:32.195 +01:00 [Information] [HotelsApp.Infrastructure.Repositories.LocationHotelRepository] Location for hotel with id: 2 is x: 45.254374284753254 and y: 19.821862950036017
2023-01-15 10:23:32.196 +01:00 [Information] [HotelsApp.Infrastructure.Repositories.LocationHotelRepository] Distance between hotel with id 2 and current location is: 0.841454074611226km
2023-01-15 10:23:32.197 +01:00 [Information] [HotelsApp.Infrastructure.Repositories.LocationHotelRepository] Location for hotel with id: 3 is x: 45.2211327840916 and y: 19.848985445749207
2023-01-15 10:23:32.198 +01:00 [Information] [HotelsApp.Infrastructure.Repositories.LocationHotelRepository] Distance between hotel with id 3 and current location is: 4.998462349291955km
2023-01-15 10:23:32.198 +01:00 [Information] [HotelsApp.Infrastructure.Repositories.LocationHotelRepository] Location for hotel with id: 4 is x: 45.237212010810886 and y: 19.810189977197428
2023-01-15 10:23:32.199 +01:00 [Information] [HotelsApp.Infrastructure.Repositories.LocationHotelRepository] Distance between hotel with id 4 and current location is: 2.3095116321094995km
2023-01-15 10:23:32.200 +01:00 [Information] [HotelsApp.Infrastructure.Repositories.LocationHotelRepository] Location for hotel with id: 5 is x: 45.25689124664803 and y: 19.814676541895956
2023-01-15 10:23:32.201 +01:00 [Information] [HotelsApp.Infrastructure.Repositories.LocationHotelRepository] Distance between hotel with id 5 and current location is: 0.2133658733514701km
2023-01-15 10:23:32.202 +01:00 [Information] [HotelsApp.Application.Requests.Handlers.GetAllHotelsSortedByCurrentLocationQueryHandler] List of all hotels is prepared
2023-01-15 10:23:46.982 +01:00 [Information] [HotelsApp.Application.Requests.Handlers.HotelDeleteCommandHandler] Start deleting hotel
2023-01-15 10:23:46.987 +01:00 [Information] [HotelsApp.Infrastructure.Repositories.HotelRepository] Hotel with id: 2 successfully deleted nad removed from hotel's list
2023-01-15 10:23:52.087 +01:00 [Information] [HotelsApp.Application.Requests.Handlers.GetAllHotelsSortedByCurrentLocationQueryHandler] Prepare list of all hotels
2023-01-15 10:23:52.088 +01:00 [Information] [HotelsApp.Infrastructure.Repositories.LocationHotelRepository] Current location is x: 45.257907355517624 and y: 19.81236695106882
2023-01-15 10:23:52.089 +01:00 [Information] [HotelsApp.Infrastructure.Repositories.LocationHotelRepository] Location for hotel with id: 3 is x: 45.2211327840916 and y: 19.848985445749207
2023-01-15 10:23:52.090 +01:00 [Information] [HotelsApp.Infrastructure.Repositories.LocationHotelRepository] Distance between hotel with id 3 and current location is: 4.998462349291955km
2023-01-15 10:23:52.091 +01:00 [Information] [HotelsApp.Infrastructure.Repositories.LocationHotelRepository] Location for hotel with id: 4 is x: 45.237212010810886 and y: 19.810189977197428
2023-01-15 10:23:52.092 +01:00 [Information] [HotelsApp.Infrastructure.Repositories.LocationHotelRepository] Distance between hotel with id 4 and current location is: 2.3095116321094995km
2023-01-15 10:23:52.093 +01:00 [Information] [HotelsApp.Infrastructure.Repositories.LocationHotelRepository] Location for hotel with id: 5 is x: 45.25689124664803 and y: 19.814676541895956
2023-01-15 10:23:52.094 +01:00 [Information] [HotelsApp.Infrastructure.Repositories.LocationHotelRepository] Distance between hotel with id 5 and current location is: 0.2133658733514701km
2023-01-15 10:23:52.095 +01:00 [Information] [HotelsApp.Application.Requests.Handlers.GetAllHotelsSortedByCurrentLocationQueryHandler] List of all hotels is prepared
2023-01-15 10:23:55.631 +01:00 [Information] [HotelsApp.Application.Requests.Handlers.GetHotelsQueryHandler] Start getting list of all hotels
2023-01-15 10:23:55.632 +01:00 [Information] [HotelsApp.Application.Requests.Handlers.GetHotelsQueryHandler] List of all hotels has been provided
2023-01-15 10:24:14.439 +01:00 [Information] [HotelsApp.Application.Requests.Handlers.HotelUpdateCommandHandler] Start updating hotel with id:0
2023-01-15 10:24:14.443 +01:00 [Information] [HotelsApp.Application.Requests.Handlers.HotelUpdateCommandHandler] Hotel with id:0 is updated
2023-01-15 10:24:19.374 +01:00 [Information] [HotelsApp.Application.Requests.Handlers.GetHotelsQueryHandler] Start getting list of all hotels
2023-01-15 10:24:19.376 +01:00 [Information] [HotelsApp.Application.Requests.Handlers.GetHotelsQueryHandler] List of all hotels has been provided
2023-01-15 10:24:30.387 +01:00 [Information] [HotelsApp.Application.Requests.Handlers.HotelUpdateCommandHandler] Start updating hotel with id:0
2023-01-15 10:24:30.389 +01:00 [Information] [HotelsApp.Application.Requests.Handlers.HotelUpdateCommandHandler] Hotel with id:0 is updated
2023-01-15 10:24:33.882 +01:00 [Information] [HotelsApp.Application.Requests.Handlers.GetHotelsQueryHandler] Start getting list of all hotels
2023-01-15 10:24:33.884 +01:00 [Information] [HotelsApp.Application.Requests.Handlers.GetHotelsQueryHandler] List of all hotels has been provided
