2023-01-11 10:04:15.239 +01:00 [Information] [HotelsApp.Application.Requests.Handlers.GetHotelsQueryHandler] Start getting list of all hotels
2023-01-11 10:04:15.286 +01:00 [Information] [HotelsApp.Application.Requests.Handlers.GetHotelsQueryHandler] List of all hotels has been provided
2023-01-11 10:08:02.040 +01:00 [Information] [HotelsApp.Application.Requests.Handlers.HotelCreateCommandHandler] Start creating new hotel and add in hotel list
2023-01-11 10:08:02.088 +01:00 [Information] [HotelsApp.Infrastructure.Repositories.HotelRepository] Set id for new hotel
2023-01-11 10:08:02.090 +01:00 [Information] [HotelsApp.Infrastructure.Repositories.HotelRepository] New hotel with id 2 is added to list
2023-01-11 10:08:02.092 +01:00 [Information] [HotelsApp.Application.Requests.Handlers.HotelCreateCommandHandler] New hotel is created and added to list
2023-01-11 10:08:04.318 +01:00 [Information] [HotelsApp.Application.Requests.Handlers.HotelCreateCommandHandler] Start creating new hotel and add in hotel list
2023-01-11 10:08:04.320 +01:00 [Information] [HotelsApp.Infrastructure.Repositories.HotelRepository] Set id for new hotel
2023-01-11 10:08:04.322 +01:00 [Information] [HotelsApp.Infrastructure.Repositories.HotelRepository] New hotel with id 3 is added to list
2023-01-11 10:08:04.323 +01:00 [Information] [HotelsApp.Application.Requests.Handlers.HotelCreateCommandHandler] New hotel is created and added to list
2023-01-11 10:08:05.083 +01:00 [Information] [HotelsApp.Application.Requests.Handlers.HotelCreateCommandHandler] Start creating new hotel and add in hotel list
2023-01-11 10:08:05.085 +01:00 [Information] [HotelsApp.Infrastructure.Repositories.HotelRepository] Set id for new hotel
2023-01-11 10:08:05.087 +01:00 [Information] [HotelsApp.Infrastructure.Repositories.HotelRepository] New hotel with id 4 is added to list
2023-01-11 10:08:05.089 +01:00 [Information] [HotelsApp.Application.Requests.Handlers.HotelCreateCommandHandler] New hotel is created and added to list
2023-01-11 10:08:05.787 +01:00 [Information] [HotelsApp.Application.Requests.Handlers.HotelCreateCommandHandler] Start creating new hotel and add in hotel list
2023-01-11 10:08:05.788 +01:00 [Information] [HotelsApp.Infrastructure.Repositories.HotelRepository] Set id for new hotel
2023-01-11 10:08:05.791 +01:00 [Information] [HotelsApp.Infrastructure.Repositories.HotelRepository] New hotel with id 5 is added to list
2023-01-11 10:08:05.793 +01:00 [Information] [HotelsApp.Application.Requests.Handlers.HotelCreateCommandHandler] New hotel is created and added to list
2023-01-11 10:08:10.060 +01:00 [Information] [HotelsApp.Application.Requests.Handlers.GetHotelsQueryHandler] Start getting list of all hotels
2023-01-11 10:08:10.064 +01:00 [Information] [HotelsApp.Application.Requests.Handlers.GetHotelsQueryHandler] List of all hotels has been provided
2023-01-11 10:20:39.318 +01:00 [Information] [HotelsApp.Application.Requests.Handlers.HotelCreateCommandHandler] Start creating new hotel and add in hotel list
2023-01-11 10:20:39.359 +01:00 [Information] [HotelsApp.Infrastructure.Repositories.HotelRepository] Set id for new hotel
2023-01-11 10:20:39.362 +01:00 [Information] [HotelsApp.Infrastructure.Repositories.HotelRepository] New hotel with id 2 is added to list
2023-01-11 10:20:39.363 +01:00 [Information] [HotelsApp.Application.Requests.Handlers.HotelCreateCommandHandler] New hotel is created and added to list
2023-01-11 10:22:02.929 +01:00 [Information] [HotelsApp.Application.Requests.Handlers.HotelCreateCommandHandler] Start creating new hotel and add in hotel list
2023-01-11 10:22:02.930 +01:00 [Information] [HotelsApp.Infrastructure.Repositories.HotelRepository] Set id for new hotel
2023-01-11 10:22:02.931 +01:00 [Information] [HotelsApp.Infrastructure.Repositories.HotelRepository] New hotel with id 3 is added to list
2023-01-11 10:22:02.932 +01:00 [Information] [HotelsApp.Application.Requests.Handlers.HotelCreateCommandHandler] New hotel is created and added to list
2023-01-11 10:24:02.314 +01:00 [Information] [HotelsApp.Application.Requests.Handlers.HotelCreateCommandHandler] Start creating new hotel and add in hotel list
2023-01-11 10:24:02.353 +01:00 [Information] [HotelsApp.Infrastructure.Repositories.HotelRepository] Set id for new hotel
2023-01-11 10:24:02.355 +01:00 [Information] [HotelsApp.Infrastructure.Repositories.HotelRepository] New hotel with id 2 is added to list
2023-01-11 10:24:02.356 +01:00 [Information] [HotelsApp.Application.Requests.Handlers.HotelCreateCommandHandler] New hotel is created and added to list
2023-01-11 10:28:01.092 +01:00 [Information] [HotelsApp.Application.Requests.Handlers.HotelCreateCommandHandler] Start creating new hotel and add in hotel list
2023-01-11 10:28:01.135 +01:00 [Information] [HotelsApp.Infrastructure.Repositories.HotelRepository] Set id for new hotel
2023-01-11 10:28:01.137 +01:00 [Information] [HotelsApp.Infrastructure.Repositories.HotelRepository] New hotel with id 2 is added to list
2023-01-11 10:28:01.139 +01:00 [Information] [HotelsApp.Application.Requests.Handlers.HotelCreateCommandHandler] New hotel is created and added to list
2023-01-11 10:29:40.812 +01:00 [Information] [HotelsApp.Application.Requests.Handlers.HotelCreateCommandHandler] Start creating new hotel and add in hotel list
2023-01-11 10:29:40.850 +01:00 [Information] [HotelsApp.Infrastructure.Repositories.HotelRepository] Set id for new hotel
2023-01-11 10:29:40.852 +01:00 [Information] [HotelsApp.Infrastructure.Repositories.HotelRepository] New hotel with id 2 is added to list
2023-01-11 10:29:40.853 +01:00 [Information] [HotelsApp.Application.Requests.Handlers.HotelCreateCommandHandler] New hotel is created and added to list
2023-01-11 10:29:47.186 +01:00 [Information] [HotelsApp.Application.Requests.Handlers.GetHotelsQueryHandler] Start getting list of all hotels
2023-01-11 10:29:47.188 +01:00 [Information] [HotelsApp.Application.Requests.Handlers.GetHotelsQueryHandler] List of all hotels has been provided
2023-01-11 10:43:13.817 +01:00 [Information] [HotelsApp.Application.Requests.Handlers.HotelDeleteCommandHandler] Start deleting hotel
2023-01-11 10:43:13.859 +01:00 [Error] [HotelsApp.Infrastructure.Repositories.HotelRepository] Hotel with id: 67 does not exist and it is not possible to delete hotel
2023-01-11 10:44:22.269 +01:00 [Information] [HotelsApp.Application.Requests.Handlers.HotelDeleteCommandHandler] Start deleting hotel
2023-01-11 10:44:22.311 +01:00 [Error] [HotelsApp.Infrastructure.Repositories.HotelRepository] Hotel with id: 1 does not exist and it is not possible to delete hotel
2023-01-11 10:44:29.732 +01:00 [Information] [HotelsApp.Application.Requests.Handlers.HotelCreateCommandHandler] Start creating new hotel and add in hotel list
2023-01-11 10:44:29.735 +01:00 [Information] [HotelsApp.Infrastructure.Repositories.HotelRepository] Set id for new hotel
2023-01-11 10:44:29.737 +01:00 [Information] [HotelsApp.Infrastructure.Repositories.HotelRepository] New hotel with id 2 is added to list
2023-01-11 10:44:29.739 +01:00 [Information] [HotelsApp.Application.Requests.Handlers.HotelCreateCommandHandler] New hotel is created and added to list
2023-01-11 10:44:37.168 +01:00 [Information] [HotelsApp.Application.Requests.Handlers.HotelDeleteCommandHandler] Start deleting hotel
2023-01-11 10:44:37.170 +01:00 [Error] [HotelsApp.Infrastructure.Repositories.HotelRepository] Hotel with id: 2 successfully deleted nad removed from hotel's list
2023-01-11 10:44:49.711 +01:00 [Information] [HotelsApp.Application.Requests.Handlers.HotelDeleteCommandHandler] Start deleting hotel
2023-01-11 10:44:49.712 +01:00 [Error] [HotelsApp.Infrastructure.Repositories.HotelRepository] Hotel with id: 2 does not exist and it is not possible to delete hotel
2023-01-11 11:35:28.527 +01:00 [Information] [HotelsApp.Application.Requests.Handlers.HotelCreateCommandHandler] Start creating new hotel and add in hotel list
2023-01-11 11:35:28.569 +01:00 [Information] [HotelsApp.Infrastructure.Repositories.HotelRepository] Set id for new hotel
2023-01-11 11:35:28.572 +01:00 [Information] [HotelsApp.Infrastructure.Repositories.HotelRepository] New hotel with id 2 is added to list
2023-01-11 11:35:28.573 +01:00 [Information] [HotelsApp.Application.Requests.Handlers.HotelCreateCommandHandler] New hotel is created and added to list
2023-01-11 11:39:26.967 +01:00 [Information] [HotelsApp.Application.Requests.Handlers.HotelDeleteCommandHandler] Start deleting hotel
2023-01-11 11:39:27.008 +01:00 [Error] [HotelsApp.Infrastructure.Repositories.HotelRepository] Hotel with id: 0 does not exist and it is not possible to delete hotel
2023-01-11 11:41:41.383 +01:00 [Information] [HotelsApp.Application.Requests.Handlers.HotelDeleteCommandHandler] Start deleting hotel
2023-01-11 11:41:41.428 +01:00 [Error] [HotelsApp.Infrastructure.Repositories.HotelRepository] Hotel with id: 0 does not exist and it is not possible to delete hotel
2023-01-11 14:43:08.602 +01:00 [Information] [HotelsApp.Application.Requests.Handlers.HotelUpdateCommandHandler] Start updating hotel with id:0
2023-01-11 14:44:43.989 +01:00 [Information] [HotelsApp.Application.Requests.Handlers.HotelUpdateCommandHandler] Start updating hotel with id:0
2023-01-11 14:45:15.263 +01:00 [Information] [HotelsApp.Application.Requests.Handlers.HotelUpdateCommandHandler] Start updating hotel with id:0
2023-01-11 14:45:24.812 +01:00 [Error] [HotelsApp.Application.Requests.Handlers.HotelUpdateCommandHandler] Hotel with id:0 does not exist
2023-01-11 20:17:09.277 +01:00 [Information] [HotelsApp.Application.Requests.Handlers.HotelCreateCommandHandler] Start creating new hotel and add in hotel list
2023-01-11 20:17:09.329 +01:00 [Information] [HotelsApp.Infrastructure.Repositories.HotelRepository] Set id for new hotel
2023-01-11 20:17:09.331 +01:00 [Information] [HotelsApp.Infrastructure.Repositories.HotelRepository] New hotel with id 2 is added to list
2023-01-11 20:17:09.333 +01:00 [Information] [HotelsApp.Application.Requests.Handlers.HotelCreateCommandHandler] New hotel is created and added to list
2023-01-11 20:17:13.813 +01:00 [Information] [HotelsApp.Application.Requests.Handlers.HotelCreateCommandHandler] Start creating new hotel and add in hotel list
